<?xml version="1.0" encoding="UTF-8"?>
<testsuite xmlns:xsi="http://www.w3.org/2001/XMLSchema-instance" xsi:noNamespaceSchemaLocation="https://maven.apache.org/surefire/maven-surefire-plugin/xsd/surefire-test-report-3.0.xsd" version="3.0" name="br.edu.ifba.inf008.shell.PluginControllerTest" time="0.026" tests="1" errors="0" skipped="0" failures="0">
  <properties>
[...]
</properties>
  <testcase name="shouldReturnFalseWhenPluginDirectoryIsUnavailable" classname="br.edu.ifba.inf008.shell.PluginControllerTest" time="0.02">
    <system-out><![CDATA[Error: java.lang.NullPointerException - Cannot read the array length because "plugins" is null
]]></system-out>
  </testcase>
</testsuite>